<?xml version="1.0" encoding="UTF-8"?>
<!-- Generated by org.testng.reporters.JUnitReportReporter -->
<testsuite hostname="DESKTOP-PVJ870B" failures="0" tests="1" name="wewet.hghjghghqa$awdfsd" time="0.018" errors="0" timestamp="17 Aug 2023 03:38:23 GMT" skipped="0">
  <testcase classname="wewet.hghjghghqa$awdfsd" name="abc" time="0.018"/>
</testsuite> <!-- wewet.hghjghghqa$awdfsd -->
